\BOOKMARK [0][-]{chapter*.1}{Voorwoord}{}% 1
\BOOKMARK [0][-]{chapter*.2}{Samenvatting}{}% 2
\BOOKMARK [0][-]{chapter*.3}{Lijst van figuren en tabellen}{}% 3
\BOOKMARK [0][-]{chapter*.6}{Lijst van afkortingen en symbolen}{}% 4
\BOOKMARK [0][-]{chapter.1}{Inleiding}{}% 5
\BOOKMARK [1][-]{section.1.1}{Lorem ipsum 4\2055}{chapter.1}% 6
\BOOKMARK [1][-]{section.1.2}{Lorem ipsum 6\2057}{chapter.1}% 7
\BOOKMARK [0][-]{chapter.2}{Probleembeschrijving}{}% 8
\BOOKMARK [1][-]{section.2.1}{Omschrijving en situering}{chapter.2}% 9
\BOOKMARK [1][-]{section.2.2}{Datasets}{chapter.2}% 10
\BOOKMARK [0][-]{chapter.3}{Gerelateerd Werk}{}% 11
\BOOKMARK [1][-]{section.3.1}{Afbeelding representaties}{chapter.3}% 12
\BOOKMARK [1][-]{section.3.2}{Caption representaties}{chapter.3}% 13
\BOOKMARK [1][-]{section.3.3}{Van representaties naar captions}{chapter.3}% 14
\BOOKMARK [0][-]{chapter.4}{Theoretische Achtergrond}{}% 15
\BOOKMARK [1][-]{section.4.1}{Neurale Netwerken}{chapter.4}% 16
\BOOKMARK [1][-]{section.4.2}{Statistiek}{chapter.4}% 17
\BOOKMARK [0][-]{chapter.5}{Methodologie}{}% 18
\BOOKMARK [1][-]{section.5.1}{Startpunt Karpathy}{chapter.5}% 19
\BOOKMARK [1][-]{section.5.2}{Latent Dirichlet Analysis}{chapter.5}% 20
\BOOKMARK [1][-]{section.5.3}{Toevoeging van LDA topicverdeling aan RNN}{chapter.5}% 21
\BOOKMARK [1][-]{section.5.4}{Canonical Correlation Analysis}{chapter.5}% 22
\BOOKMARK [1][-]{section.5.5}{gLSTM}{chapter.5}% 23
\BOOKMARK [1][-]{section.5.6}{Normalizatie van beam search}{chapter.5}% 24
\BOOKMARK [0][-]{chapter.6}{Evaluatie}{}% 25
\BOOKMARK [1][-]{section.6.1}{Automatische evaluatie}{chapter.6}% 26
\BOOKMARK [1][-]{section.6.2}{BLEU}{chapter.6}% 27
\BOOKMARK [1][-]{section.6.3}{METEOR}{chapter.6}% 28
\BOOKMARK [0][-]{chapter.7}{Een volgend hoofdstuk}{}% 29
\BOOKMARK [1][-]{section.7.1}{Eerste onderwerp in dit hoofdstuk}{chapter.7}% 30
\BOOKMARK [1][-]{section.7.2}{Figuren}{chapter.7}% 31
\BOOKMARK [1][-]{section.7.3}{Tabellen}{chapter.7}% 32
\BOOKMARK [1][-]{section.7.4}{Lorem ipsum}{chapter.7}% 33
\BOOKMARK [1][-]{section.7.5}{Besluit van dit hoofdstuk}{chapter.7}% 34
\BOOKMARK [0][-]{chapter.8}{Het laatste hoofdstuk}{}% 35
\BOOKMARK [1][-]{section.8.1}{Eerste onderwerp in dit hoofdstuk}{chapter.8}% 36
\BOOKMARK [1][-]{section.8.2}{Tweede onderwerp in dit hoofdstuk}{chapter.8}% 37
\BOOKMARK [1][-]{section.8.3}{Besluit van dit hoofdstuk}{chapter.8}% 38
\BOOKMARK [0][-]{chapter.9}{Besluit}{}% 39
\BOOKMARK [0][-]{appendix.A}{De eerste bijlage}{}% 40
\BOOKMARK [1][-]{section.A.1}{Meer lorem}{appendix.A}% 41
\BOOKMARK [1][-]{section.A.2}{Lorem 51}{appendix.A}% 42
\BOOKMARK [0][-]{appendix.B}{De laatste bijlage}{}% 43
\BOOKMARK [1][-]{section.B.1}{Lorem 20-24}{appendix.B}% 44
\BOOKMARK [1][-]{section.B.2}{Lorem 25-27}{appendix.B}% 45
\BOOKMARK [0][-]{section*.70}{Bibliografie}{}% 46
