\BOOKMARK [0][-]{chapter*.1}{Voorwoord}{}% 1
\BOOKMARK [0][-]{chapter*.2}{Samenvatting}{}% 2
\BOOKMARK [0][-]{chapter*.3}{Lijst van figuren en tabellen}{}% 3
\BOOKMARK [0][-]{chapter*.6}{Lijst van afkortingen en symbolen}{}% 4
\BOOKMARK [0][-]{chapter.1}{Inleiding}{}% 5
\BOOKMARK [1][-]{section.1.1}{Lorem ipsum 4\2055}{chapter.1}% 6
\BOOKMARK [1][-]{section.1.2}{Lorem ipsum 6\2057}{chapter.1}% 7
\BOOKMARK [0][-]{chapter.2}{Het eerste hoofdstuk}{}% 8
\BOOKMARK [1][-]{section.2.1}{Eerste onderwerp in dit hoofdstuk}{chapter.2}% 9
\BOOKMARK [1][-]{section.2.2}{Tweede onderwerp in dit hoofdstuk}{chapter.2}% 10
\BOOKMARK [1][-]{section.2.3}{Besluit van dit hoofdstuk}{chapter.2}% 11
\BOOKMARK [0][-]{chapter.3}{Een volgend hoofdstuk}{}% 12
\BOOKMARK [1][-]{section.3.1}{Eerste onderwerp in dit hoofdstuk}{chapter.3}% 13
\BOOKMARK [1][-]{section.3.2}{Figuren}{chapter.3}% 14
\BOOKMARK [1][-]{section.3.3}{Tabellen}{chapter.3}% 15
\BOOKMARK [1][-]{section.3.4}{Lorem ipsum}{chapter.3}% 16
\BOOKMARK [1][-]{section.3.5}{Besluit van dit hoofdstuk}{chapter.3}% 17
\BOOKMARK [0][-]{chapter.4}{Het laatste hoofdstuk}{}% 18
\BOOKMARK [1][-]{section.4.1}{Eerste onderwerp in dit hoofdstuk}{chapter.4}% 19
\BOOKMARK [1][-]{section.4.2}{Tweede onderwerp in dit hoofdstuk}{chapter.4}% 20
\BOOKMARK [1][-]{section.4.3}{Besluit van dit hoofdstuk}{chapter.4}% 21
\BOOKMARK [0][-]{chapter.5}{Besluit}{}% 22
\BOOKMARK [0][-]{appendix.A}{De eerste bijlage}{}% 23
\BOOKMARK [1][-]{section.A.1}{Meer lorem}{appendix.A}% 24
\BOOKMARK [1][-]{section.A.2}{Lorem 51}{appendix.A}% 25
\BOOKMARK [0][-]{appendix.B}{De laatste bijlage}{}% 26
\BOOKMARK [1][-]{section.B.1}{Lorem 20-24}{appendix.B}% 27
\BOOKMARK [1][-]{section.B.2}{Lorem 25-27}{appendix.B}% 28
\BOOKMARK [0][-]{section*.10}{Bibliografie}{}% 29
